
    Notification Type: SMS
    Sent to: 8130458955
    Message: Your flight 6E 5177 is delayed. New departure time: 2024-07-31T11:00:00.000Z. Departure gate: .
    
    Notification Type: SMS
    Sent to: 8130458955
    Message: Your flight 6E 5177 is delayed. New departure time: 2024-07-31T11:00:00.000Z. Departure gate: .
    
    Notification Type: SMS
    Sent to: 8130458955
    Message: Your flight 6E 5177 is delayed. New departure time: 2024-07-31T11:00:00.000Z. Departure gate: .
    
    Notification Type: SMS
    Sent to: 9958486684
    Message: Your flight 6E 5177 is delayed. New departure time: 2024-07-31T11:00:00.000Z. Departure gate: .
    
    Notification Type: SMS
    Sent to: 9971252562
    Message: Your flight 6E 5177 is delayed. New departure time: 2024-07-31T11:00:00.000Z. Departure gate: .
    
    Notification Type: Email
    Sent to: nitinkumar06031@gmail.com
    Message: Flight Status Update for 6E 5177 - Your flight 6E 5177 is delayed. New departure time: 2024-07-31T11:00:00.000Z. Departure gate: .
    
    Notification Type: Email
    Sent to: ue208068.nitin.it@gmail.com
    Message: Flight Status Update for 6E 5177 - Your flight 6E 5177 is delayed. New departure time: 2024-07-31T11:00:00.000Z. Departure gate: .
    
    Notification Type: Email
    Sent to: kaushalya2562@gmail.com
    Message: Flight Status Update for 6E 5177 - Your flight 6E 5177 is delayed. New departure time: 2024-07-31T11:00:00.000Z. Departure gate: .
    
    Notification Type: Email
    Sent to: nk09.cric@gmail.com
    Message: Flight Status Update for 6E 5177 - Your flight 6E 5177 is delayed. New departure time: 2024-07-31T11:00:00.000Z. Departure gate: .
    
    Notification Type: Email
    Sent to: ramawadhprasad@gmail.com
    Message: Flight Status Update for 6E 5177 - Your flight 6E 5177 is delayed. New departure time: 2024-07-31T11:00:00.000Z. Departure gate: .
    
    Notification Type: Email
    Sent to: kumar.nk0905@gmail.com
    Message: Flight Status Update for 6E 5177 - Your flight 6E 5177 is delayed. New departure time: 2024-07-31T11:00:00.000Z. Departure gate: .
    